<?xml version="1.0" encoding="UTF-8"?>
<!-- Generated by org.testng.reporters.JUnitXMLReporter -->
<testsuite hostname="derevyanchenko-pc" ignored="0" name="ca.in.test" tests="15" failures="1" timestamp="23 Feb 2017 11:45:45 GMT" time="38.024" errors="0">
  <testcase name="loadFirstPage" time="9.745" classname="ca.in.test.FullTest"/>
  <testcase name="openIndividualsPage" time="4.486" classname="ca.in.test.FullTest"/>
  <testcase name="checkLoansLinkClicked" time="0.284" classname="ca.in.test.FullTest"/>
  <testcase name="checkMortgagesLinkClicked" time="3.584" classname="ca.in.test.FullTest"/>
  <testcase name="checkCalculateYourPaymentsButtonClicked" time="4.633" classname="ca.in.test.FullTest"/>
  <testcase name="checkPurchasePriceSliderWork" time="0.277" classname="ca.in.test.FullTest"/>
  <testcase name="checkClearSliderPositionUsingPurchasePriceFieldVariantFirst" time="2.183" classname="ca.in.test.FullTest"/>
  <testcase name="checkClearSliderPositionUsingPurchasePriceFieldVariantSecond" time="0.073" classname="ca.in.test.FullTest"/>
  <testcase name="checkPurchasePriceSliderChangePositionWithSliderPlusButton" time="2.272" classname="ca.in.test.FullTest">
    <failure type="java.lang.Exception">
      <![CDATA[java.lang.Exception
	at ca.in.test.MortgagePaymentCalculatorPage.setPurchasePriceSliderValueTo(MortgagePaymentCalculatorPage.java:155)
	at ca.in.test.FullTest.checkPurchasePriceSliderChangePositionWithSliderPlusButton(FullTest.java:158)
	at sun.reflect.NativeMethodAccessorImpl.invoke0(Native Method)
	at sun.reflect.NativeMethodAccessorImpl.invoke(NativeMethodAccessorImpl.java:62)
	at sun.reflect.DelegatingMethodAccessorImpl.invoke(DelegatingMethodAccessorImpl.java:43)
	at java.lang.reflect.Method.invoke(Method.java:498)
	at org.testng.internal.MethodInvocationHelper.invokeMethod(MethodInvocationHelper.java:104)
	at org.testng.internal.Invoker.invokeMethod(Invoker.java:645)
	at org.testng.internal.Invoker.invokeTestMethod(Invoker.java:851)
	at org.testng.internal.Invoker.invokeTestMethods(Invoker.java:1177)
	at org.testng.internal.TestMethodWorker.invokeTestMethods(TestMethodWorker.java:129)
	at org.testng.internal.TestMethodWorker.run(TestMethodWorker.java:112)
	at org.testng.TestRunner.privateRun(TestRunner.java:756)
	at org.testng.TestRunner.run(TestRunner.java:610)
	at org.testng.SuiteRunner.runTest(SuiteRunner.java:387)
	at org.testng.SuiteRunner.runSequentially(SuiteRunner.java:382)
	at org.testng.SuiteRunner.privateRun(SuiteRunner.java:340)
	at org.testng.SuiteRunner.run(SuiteRunner.java:289)
	at org.testng.SuiteRunnerWorker.runSuite(SuiteRunnerWorker.java:52)
	at org.testng.SuiteRunnerWorker.run(SuiteRunnerWorker.java:86)
	at org.testng.TestNG.runSuitesSequentially(TestNG.java:1293)
	at org.testng.TestNG.runSuitesLocally(TestNG.java:1218)
	at org.testng.TestNG.runSuites(TestNG.java:1133)
	at org.testng.TestNG.run(TestNG.java:1104)
	at org.apache.maven.surefire.testng.TestNGExecutor.run(TestNGExecutor.java:281)
	at org.apache.maven.surefire.testng.TestNGXmlTestSuite.execute(TestNGXmlTestSuite.java:75)
	at org.apache.maven.surefire.testng.TestNGProvider.invoke(TestNGProvider.java:121)
	at org.apache.maven.surefire.booter.ForkedBooter.invokeProviderInSameClassLoader(ForkedBooter.java:290)
	at org.apache.maven.surefire.booter.ForkedBooter.runSuitesInProcess(ForkedBooter.java:242)
	at org.apache.maven.surefire.booter.ForkedBooter.main(ForkedBooter.java:121)
]]>
    </failure>
  </testcase> <!-- checkPurchasePriceSliderChangePositionWithSliderPlusButton -->
  <testcase name="checkDownPaymentSliderChangePosition" time="0.0" classname="ca.in.test.FullTest">
    <skipped/>
  </testcase> <!-- checkDownPaymentSliderChangePosition -->
  <testcase name="checkAmortissementDropdown" time="0.0" classname="ca.in.test.FullTest">
    <skipped/>
  </testcase> <!-- checkAmortissementDropdown -->
  <testcase name="checkFrequenceVersementDropdown" time="0.0" classname="ca.in.test.FullTest">
    <skipped/>
  </testcase> <!-- checkFrequenceVersementDropdown -->
  <testcase name="checkTauxInteretField" time="0.0" classname="ca.in.test.FullTest">
    <skipped/>
  </testcase> <!-- checkTauxInteretField -->
  <testcase name="checkbtnCalculerButton" time="0.0" classname="ca.in.test.FullTest">
    <skipped/>
  </testcase> <!-- checkbtnCalculerButton -->
  <testcase name="checkPaymentResultats" time="0.0" classname="ca.in.test.FullTest">
    <skipped/>
  </testcase> <!-- checkPaymentResultats -->
</testsuite> <!-- ca.in.test -->
