<?xml version="1.0" encoding="UTF-8"?>
<!-- Generated by org.testng.reporters.JUnitXMLReporter -->
<testsuite hostname="derevyanchenko-pc" ignored="0" name="ca.in.test" tests="16" failures="0" timestamp="17 Feb 2017 09:42:31 GMT" time="41.755" errors="0">
  <testcase name="loadFirstPage" time="12.249" classname="ca.in.test.FullTest"/>
  <testcase name="openIndividualsPage" time="4.364" classname="ca.in.test.FullTest"/>
  <testcase name="checkLanguage" time="0.073" classname="ca.in.test.FullTest"/>
  <testcase name="clickLoansLink" time="0.245" classname="ca.in.test.FullTest"/>
  <testcase name="clickMortgagesLink" time="5.594" classname="ca.in.test.FullTest"/>
  <testcase name="clickCalculateYourPaymentsButton" time="6.382" classname="ca.in.test.FullTest"/>
  <testcase name="checkPurchasePriceSliderWork" time="0.313" classname="ca.in.test.FullTest"/>
  <testcase name="checkClearSliderPositionUsingPurchasePriceFieldVariantFirst" time="2.165" classname="ca.in.test.FullTest"/>
  <testcase name="checkClearSliderPositionUsingPurchasePriceFieldVariantSecond" time="0.076" classname="ca.in.test.FullTest"/>
  <testcase name="purchasePriceSliderChangePositionWithSliderPlusButton" time="0.331" classname="ca.in.test.FullTest"/>
  <testcase name="downPaymentSliderChangePosition" time="2.135" classname="ca.in.test.FullTest"/>
  <testcase name="checkAmortissementDropdown" time="0.209" classname="ca.in.test.FullTest"/>
  <testcase name="checkFrequenceVersementDropdown" time="0.196" classname="ca.in.test.FullTest"/>
  <testcase name="checkTauxInteretField" time="0.147" classname="ca.in.test.FullTest"/>
  <testcase name="checkbtnCalculerButton" time="0.174" classname="ca.in.test.FullTest"/>
  <testcase name="checkPaymentResultats" time="0.744" classname="ca.in.test.FullTest"/>
</testsuite> <!-- ca.in.test -->
