<?xml version="1.0" encoding="UTF-8"?>
<!-- Generated by org.testng.reporters.JUnitXMLReporter -->
<testsuite hostname="derevyanchenko-pc" ignored="0" name="Test 2" tests="3" failures="0" timestamp="10 Feb 2017 09:30:09 GMT" time="25.814" errors="0">
  <testcase name="loadFirstPage" time="16.811" classname="ca.in.test.MainPage"/>
  <testcase name="openIndividualsPage" time="5.473" classname="ca.in.test.MainPage"/>
  <testcase name="clickLoansLink" time="0.23" classname="ca.in.test.MainPage"/>
</testsuite> <!-- Test 2 -->
