<?xml version="1.0" encoding="UTF-8"?>
<!-- Generated by org.testng.reporters.JUnitXMLReporter -->
<testsuite hostname="derevyanchenko-pc" ignored="2" name="Test 1" tests="1" failures="0" timestamp="10 Feb 2017 09:29:44 GMT" time="19.216" errors="0">
  <testcase name="loadFirstPage" time="14.458" classname="ca.in.test.MainPage"/>
  <testcase name="clickLoansLink" time="0.0" classname="ca.in.test.MainPage">
    <ignored/>
  </testcase> <!-- clickLoansLink -->
  <testcase name="openIndividualsPage" time="0.0" classname="ca.in.test.MainPage">
    <ignored/>
  </testcase> <!-- openIndividualsPage -->
</testsuite> <!-- Test 1 -->
