<?xml version="1.0" encoding="UTF-8"?>
<!-- Generated by org.testng.reporters.JUnitXMLReporter -->
<testsuite hostname="derevyanchenko-pc" ignored="3" name="1.First Page Load Test" tests="1" failures="0" timestamp="10 Feb 2017 13:41:43 GMT" time="23.271" errors="0">
  <testcase name="loadFirstPage" time="19.049" classname="ca.in.test.FullTest"/>
  <testcase name="clickLoansLink" time="0.0" classname="ca.in.test.FullTest">
    <ignored/>
  </testcase> <!-- clickLoansLink -->
  <testcase name="clickMortgagesLink" time="0.0" classname="ca.in.test.FullTest">
    <ignored/>
  </testcase> <!-- clickMortgagesLink -->
  <testcase name="openIndividualsPage" time="0.0" classname="ca.in.test.FullTest">
    <ignored/>
  </testcase> <!-- openIndividualsPage -->
</testsuite> <!-- 1.First Page Load Test -->
