<?xml version="1.0" encoding="UTF-8"?>
<!-- Generated by org.testng.reporters.JUnitXMLReporter -->
<testsuite hostname="derevyanchenko-pc" ignored="1" name="2.Individual Page load Test" tests="3" failures="0" timestamp="10 Feb 2017 13:42:07 GMT" time="24.26" errors="0">
  <testcase name="loadFirstPage" time="14.301" classname="ca.in.test.FullTest"/>
  <testcase name="openIndividualsPage" time="6.395" classname="ca.in.test.FullTest"/>
  <testcase name="clickLoansLink" time="0.236" classname="ca.in.test.FullTest"/>
  <testcase name="clickMortgagesLink" time="0.0" classname="ca.in.test.FullTest">
    <ignored/>
  </testcase> <!-- clickMortgagesLink -->
</testsuite> <!-- 2.Individual Page load Test -->
