<?xml version="1.0" encoding="UTF-8"?>
<testsuite xmlns:xsi="http://www.w3.org/2001/XMLSchema-instance" xsi:schemaLocation="https://maven.apache.org/surefire/maven-surefire-plugin/xsd/surefire-test-report.xsd" name="TestSuite" time="39.788" tests="15" errors="0" skipped="6" failures="1">
  <properties>
[...]
</properties>
  <testcase name="loadFirstPage" classname="ca.in.test.FullTest" time="9.715"/>
  <testcase name="openIndividualsPage" classname="ca.in.test.FullTest" time="4.483"/>
  <testcase name="checkLoansLinkClicked" classname="ca.in.test.FullTest" time="0.282"/>
  <testcase name="checkMortgagesLinkClicked" classname="ca.in.test.FullTest" time="3.582"/>
  <testcase name="checkCalculateYourPaymentsButtonClicked" classname="ca.in.test.FullTest" time="4.632"/>
  <testcase name="checkPurchasePriceSliderWork" classname="ca.in.test.FullTest" time="0.285"/>
  <testcase name="checkClearSliderPositionUsingPurchasePriceFieldVariantFirst" classname="ca.in.test.FullTest" time="2.175"/>
  <testcase name="checkClearSliderPositionUsingPurchasePriceFieldVariantSecond" classname="ca.in.test.FullTest" time="0.071"/>
  <testcase name="checkPurchasePriceSliderChangePositionWithSliderPlusButton" classname="ca.in.test.FullTest" time="2.318">
    <failure type="java.lang.Exception">java.lang.Exception
	at ca.in.test.FullTest.checkPurchasePriceSliderChangePositionWithSliderPlusButton(FullTest.java:158)
</failure>
    <system-out><![CDATA[Purchase price value is not multiple to step value
checkPurchasePriceSliderChangePositionWithSliderPlusButton was a failure.
 Throwable: null
]]></system-out>
  </testcase>
  <testcase name="checkDownPaymentSliderChangePosition" classname="ca.in.test.FullTest" time="0">
    <skipped message="Method FullTest.checkDownPaymentSliderChangePosition()[pri:90, instance:ca.in.test.FullTest@1da4b6b3] depends on not successfully finished methods"/>
    <system-out><![CDATA[checkDownPaymentSliderChangePosition was skipped.
]]></system-out>
  </testcase>
  <testcase name="checkAmortissementDropdown" classname="ca.in.test.FullTest" time="0">
    <skipped message="Method FullTest.checkAmortissementDropdown()[pri:100, instance:ca.in.test.FullTest@1da4b6b3] depends on not successfully finished methods"/>
    <system-out><![CDATA[checkAmortissementDropdown was skipped.
]]></system-out>
  </testcase>
  <testcase name="checkFrequenceVersementDropdown" classname="ca.in.test.FullTest" time="0">
    <skipped message="Method FullTest.checkFrequenceVersementDropdown()[pri:110, instance:ca.in.test.FullTest@1da4b6b3] depends on not successfully finished methods"/>
    <system-out><![CDATA[checkFrequenceVersementDropdown was skipped.
]]></system-out>
  </testcase>
  <testcase name="checkTauxInteretField" classname="ca.in.test.FullTest" time="0">
    <skipped message="Method FullTest.checkTauxInteretField()[pri:120, instance:ca.in.test.FullTest@1da4b6b3] depends on not successfully finished methods"/>
    <system-out><![CDATA[checkTauxInteretField was skipped.
]]></system-out>
  </testcase>
  <testcase name="checkbtnCalculerButton" classname="ca.in.test.FullTest" time="0">
    <skipped message="Method FullTest.checkbtnCalculerButton()[pri:130, instance:ca.in.test.FullTest@1da4b6b3] depends on not successfully finished methods"/>
    <system-out><![CDATA[checkbtnCalculerButton was skipped.
]]></system-out>
  </testcase>
  <testcase name="checkPaymentResultats" classname="ca.in.test.FullTest" time="0">
    <skipped message="Method FullTest.checkPaymentResultats()[pri:140, instance:ca.in.test.FullTest@1da4b6b3] depends on not successfully finished methods"/>
    <system-out><![CDATA[checkPaymentResultats was skipped.
]]></system-out>
  </testcase>
</testsuite>