<?xml version="1.0" encoding="UTF-8"?>
<testng-results skipped="6" failed="1" ignored="0" total="15" passed="8">
  <reporter-output>
  </reporter-output>
  <suite name="package ca.in.test" duration-ms="38024" started-at="2017-02-23T11:45:07Z" finished-at="2017-02-23T11:45:45Z">
    <groups>
      <group name="p1">
        <method signature="FullTest.loadFirstPage()[pri:10, instance:ca.in.test.FullTest@1da4b6b3]" name="loadFirstPage" class="ca.in.test.FullTest"/>
      </group> <!-- p1 -->
      <group name="p2">
        <method signature="FullTest.checkLoansLinkClicked()[pri:40, instance:ca.in.test.FullTest@1da4b6b3]" name="checkLoansLinkClicked" class="ca.in.test.FullTest"/>
        <method signature="FullTest.openIndividualsPage()[pri:20, instance:ca.in.test.FullTest@1da4b6b3]" name="openIndividualsPage" class="ca.in.test.FullTest"/>
      </group> <!-- p2 -->
      <group name="p3">
        <method signature="FullTest.checkMortgagesLinkClicked()[pri:50, instance:ca.in.test.FullTest@1da4b6b3]" name="checkMortgagesLinkClicked" class="ca.in.test.FullTest"/>
      </group> <!-- p3 -->
      <group name="p4">
        <method signature="FullTest.checkCalculateYourPaymentsButtonClicked()[pri:60, instance:ca.in.test.FullTest@1da4b6b3]" name="checkCalculateYourPaymentsButtonClicked" class="ca.in.test.FullTest"/>
        <method signature="FullTest.checkPurchasePriceSliderWork()[pri:70, instance:ca.in.test.FullTest@1da4b6b3]" name="checkPurchasePriceSliderWork" class="ca.in.test.FullTest"/>
        <method signature="FullTest.checkClearSliderPositionUsingPurchasePriceFieldVariantFirst()[pri:80, instance:ca.in.test.FullTest@1da4b6b3]" name="checkClearSliderPositionUsingPurchasePriceFieldVariantFirst" class="ca.in.test.FullTest"/>
        <method signature="FullTest.checkClearSliderPositionUsingPurchasePriceFieldVariantSecond()[pri:81, instance:ca.in.test.FullTest@1da4b6b3]" name="checkClearSliderPositionUsingPurchasePriceFieldVariantSecond" class="ca.in.test.FullTest"/>
        <method signature="FullTest.checkPurchasePriceSliderChangePositionWithSliderPlusButton()[pri:82, instance:ca.in.test.FullTest@1da4b6b3]" name="checkPurchasePriceSliderChangePositionWithSliderPlusButton" class="ca.in.test.FullTest"/>
        <method signature="FullTest.checkDownPaymentSliderChangePosition()[pri:90, instance:ca.in.test.FullTest@1da4b6b3]" name="checkDownPaymentSliderChangePosition" class="ca.in.test.FullTest"/>
        <method signature="FullTest.checkAmortissementDropdown()[pri:100, instance:ca.in.test.FullTest@1da4b6b3]" name="checkAmortissementDropdown" class="ca.in.test.FullTest"/>
        <method signature="FullTest.checkFrequenceVersementDropdown()[pri:110, instance:ca.in.test.FullTest@1da4b6b3]" name="checkFrequenceVersementDropdown" class="ca.in.test.FullTest"/>
        <method signature="FullTest.checkTauxInteretField()[pri:120, instance:ca.in.test.FullTest@1da4b6b3]" name="checkTauxInteretField" class="ca.in.test.FullTest"/>
        <method signature="FullTest.checkbtnCalculerButton()[pri:130, instance:ca.in.test.FullTest@1da4b6b3]" name="checkbtnCalculerButton" class="ca.in.test.FullTest"/>
        <method signature="FullTest.checkPaymentResultats()[pri:140, instance:ca.in.test.FullTest@1da4b6b3]" name="checkPaymentResultats" class="ca.in.test.FullTest"/>
      </group> <!-- p4 -->
      <group name="individualPage">
        <method signature="FullTest.checkLoansLinkClicked()[pri:40, instance:ca.in.test.FullTest@1da4b6b3]" name="checkLoansLinkClicked" class="ca.in.test.FullTest"/>
        <method signature="FullTest.openIndividualsPage()[pri:20, instance:ca.in.test.FullTest@1da4b6b3]" name="openIndividualsPage" class="ca.in.test.FullTest"/>
      </group> <!-- individualPage -->
      <group name="mortgagePage">
        <method signature="FullTest.checkMortgagesLinkClicked()[pri:50, instance:ca.in.test.FullTest@1da4b6b3]" name="checkMortgagesLinkClicked" class="ca.in.test.FullTest"/>
      </group> <!-- mortgagePage -->
      <group name="mortgagePageLoad">
        <method signature="FullTest.checkCalculateYourPaymentsButtonClicked()[pri:60, instance:ca.in.test.FullTest@1da4b6b3]" name="checkCalculateYourPaymentsButtonClicked" class="ca.in.test.FullTest"/>
        <method signature="FullTest.checkPurchasePriceSliderWork()[pri:70, instance:ca.in.test.FullTest@1da4b6b3]" name="checkPurchasePriceSliderWork" class="ca.in.test.FullTest"/>
        <method signature="FullTest.checkClearSliderPositionUsingPurchasePriceFieldVariantFirst()[pri:80, instance:ca.in.test.FullTest@1da4b6b3]" name="checkClearSliderPositionUsingPurchasePriceFieldVariantFirst" class="ca.in.test.FullTest"/>
        <method signature="FullTest.checkClearSliderPositionUsingPurchasePriceFieldVariantSecond()[pri:81, instance:ca.in.test.FullTest@1da4b6b3]" name="checkClearSliderPositionUsingPurchasePriceFieldVariantSecond" class="ca.in.test.FullTest"/>
        <method signature="FullTest.checkPurchasePriceSliderChangePositionWithSliderPlusButton()[pri:82, instance:ca.in.test.FullTest@1da4b6b3]" name="checkPurchasePriceSliderChangePositionWithSliderPlusButton" class="ca.in.test.FullTest"/>
        <method signature="FullTest.checkDownPaymentSliderChangePosition()[pri:90, instance:ca.in.test.FullTest@1da4b6b3]" name="checkDownPaymentSliderChangePosition" class="ca.in.test.FullTest"/>
        <method signature="FullTest.checkAmortissementDropdown()[pri:100, instance:ca.in.test.FullTest@1da4b6b3]" name="checkAmortissementDropdown" class="ca.in.test.FullTest"/>
        <method signature="FullTest.checkFrequenceVersementDropdown()[pri:110, instance:ca.in.test.FullTest@1da4b6b3]" name="checkFrequenceVersementDropdown" class="ca.in.test.FullTest"/>
        <method signature="FullTest.checkTauxInteretField()[pri:120, instance:ca.in.test.FullTest@1da4b6b3]" name="checkTauxInteretField" class="ca.in.test.FullTest"/>
        <method signature="FullTest.checkbtnCalculerButton()[pri:130, instance:ca.in.test.FullTest@1da4b6b3]" name="checkbtnCalculerButton" class="ca.in.test.FullTest"/>
        <method signature="FullTest.checkPaymentResultats()[pri:140, instance:ca.in.test.FullTest@1da4b6b3]" name="checkPaymentResultats" class="ca.in.test.FullTest"/>
      </group> <!-- mortgagePageLoad -->
    </groups>
    <test name="ca.in.test" duration-ms="38024" started-at="2017-02-23T11:45:07Z" finished-at="2017-02-23T11:45:45Z">
      <class name="ca.in.test.FullTest">
        <test-method status="PASS" signature="setup()[pri:0, instance:ca.in.test.FullTest@1da4b6b3]" name="setup" is-config="true" duration-ms="8624" started-at="2017-02-23T13:45:07Z" finished-at="2017-02-23T13:45:16Z">
          <reporter-output>
          </reporter-output>
        </test-method> <!-- setup -->
        <test-method status="PASS" signature="loadFirstPage()[pri:10, instance:ca.in.test.FullTest@1da4b6b3]" name="loadFirstPage" duration-ms="9745" started-at="2017-02-23T13:45:16Z" finished-at="2017-02-23T13:45:26Z">
          <reporter-output>
          </reporter-output>
        </test-method> <!-- loadFirstPage -->
        <test-method status="PASS" signature="openIndividualsPage()[pri:20, instance:ca.in.test.FullTest@1da4b6b3]" name="openIndividualsPage" duration-ms="4486" started-at="2017-02-23T13:45:26Z" finished-at="2017-02-23T13:45:30Z">
          <reporter-output>
          </reporter-output>
        </test-method> <!-- openIndividualsPage -->
        <test-method status="PASS" signature="checkLoansLinkClicked()[pri:40, instance:ca.in.test.FullTest@1da4b6b3]" name="checkLoansLinkClicked" duration-ms="284" started-at="2017-02-23T13:45:30Z" finished-at="2017-02-23T13:45:31Z">
          <reporter-output>
          </reporter-output>
        </test-method> <!-- checkLoansLinkClicked -->
        <test-method status="PASS" signature="checkMortgagesLinkClicked()[pri:50, instance:ca.in.test.FullTest@1da4b6b3]" name="checkMortgagesLinkClicked" duration-ms="3584" started-at="2017-02-23T13:45:31Z" depends-on-methods="ca.in.test.FullTest.checkLoansLinkClicked" finished-at="2017-02-23T13:45:34Z">
          <reporter-output>
          </reporter-output>
        </test-method> <!-- checkMortgagesLinkClicked -->
        <test-method status="PASS" signature="checkCalculateYourPaymentsButtonClicked()[pri:60, instance:ca.in.test.FullTest@1da4b6b3]" name="checkCalculateYourPaymentsButtonClicked" duration-ms="4633" started-at="2017-02-23T13:45:34Z" depends-on-methods="ca.in.test.FullTest.checkMortgagesLinkClicked" finished-at="2017-02-23T13:45:39Z">
          <reporter-output>
          </reporter-output>
        </test-method> <!-- checkCalculateYourPaymentsButtonClicked -->
        <test-method status="PASS" signature="checkPurchasePriceSliderWork()[pri:70, instance:ca.in.test.FullTest@1da4b6b3]" name="checkPurchasePriceSliderWork" duration-ms="277" started-at="2017-02-23T13:45:39Z" depends-on-methods="ca.in.test.FullTest.checkCalculateYourPaymentsButtonClicked" finished-at="2017-02-23T13:45:39Z">
          <reporter-output>
          </reporter-output>
        </test-method> <!-- checkPurchasePriceSliderWork -->
        <test-method status="PASS" signature="checkClearSliderPositionUsingPurchasePriceFieldVariantFirst()[pri:80, instance:ca.in.test.FullTest@1da4b6b3]" name="checkClearSliderPositionUsingPurchasePriceFieldVariantFirst" duration-ms="2183" started-at="2017-02-23T13:45:39Z" depends-on-methods="ca.in.test.FullTest.checkPurchasePriceSliderWork" finished-at="2017-02-23T13:45:41Z">
          <reporter-output>
          </reporter-output>
        </test-method> <!-- checkClearSliderPositionUsingPurchasePriceFieldVariantFirst -->
        <test-method status="PASS" signature="checkClearSliderPositionUsingPurchasePriceFieldVariantSecond()[pri:81, instance:ca.in.test.FullTest@1da4b6b3]" name="checkClearSliderPositionUsingPurchasePriceFieldVariantSecond" duration-ms="73" started-at="2017-02-23T13:45:41Z" depends-on-methods="ca.in.test.FullTest.checkClearSliderPositionUsingPurchasePriceFieldVariantFirst" finished-at="2017-02-23T13:45:41Z">
          <reporter-output>
          </reporter-output>
        </test-method> <!-- checkClearSliderPositionUsingPurchasePriceFieldVariantSecond -->
        <test-method status="FAIL" signature="checkPurchasePriceSliderChangePositionWithSliderPlusButton()[pri:82, instance:ca.in.test.FullTest@1da4b6b3]" name="checkPurchasePriceSliderChangePositionWithSliderPlusButton" duration-ms="2272" started-at="2017-02-23T13:45:41Z" depends-on-methods="ca.in.test.FullTest.checkClearSliderPositionUsingPurchasePriceFieldVariantSecond" finished-at="2017-02-23T13:45:44Z">
          <exception class="java.lang.Exception">
            <full-stacktrace>
              <![CDATA[java.lang.Exception
	at ca.in.test.MortgagePaymentCalculatorPage.setPurchasePriceSliderValueTo(MortgagePaymentCalculatorPage.java:155)
	at ca.in.test.FullTest.checkPurchasePriceSliderChangePositionWithSliderPlusButton(FullTest.java:158)
	at sun.reflect.NativeMethodAccessorImpl.invoke0(Native Method)
	at sun.reflect.NativeMethodAccessorImpl.invoke(NativeMethodAccessorImpl.java:62)
	at sun.reflect.DelegatingMethodAccessorImpl.invoke(DelegatingMethodAccessorImpl.java:43)
	at java.lang.reflect.Method.invoke(Method.java:498)
	at org.testng.internal.MethodInvocationHelper.invokeMethod(MethodInvocationHelper.java:104)
	at org.testng.internal.Invoker.invokeMethod(Invoker.java:645)
	at org.testng.internal.Invoker.invokeTestMethod(Invoker.java:851)
	at org.testng.internal.Invoker.invokeTestMethods(Invoker.java:1177)
	at org.testng.internal.TestMethodWorker.invokeTestMethods(TestMethodWorker.java:129)
	at org.testng.internal.TestMethodWorker.run(TestMethodWorker.java:112)
	at org.testng.TestRunner.privateRun(TestRunner.java:756)
	at org.testng.TestRunner.run(TestRunner.java:610)
	at org.testng.SuiteRunner.runTest(SuiteRunner.java:387)
	at org.testng.SuiteRunner.runSequentially(SuiteRunner.java:382)
	at org.testng.SuiteRunner.privateRun(SuiteRunner.java:340)
	at org.testng.SuiteRunner.run(SuiteRunner.java:289)
	at org.testng.SuiteRunnerWorker.runSuite(SuiteRunnerWorker.java:52)
	at org.testng.SuiteRunnerWorker.run(SuiteRunnerWorker.java:86)
	at org.testng.TestNG.runSuitesSequentially(TestNG.java:1293)
	at org.testng.TestNG.runSuitesLocally(TestNG.java:1218)
	at org.testng.TestNG.runSuites(TestNG.java:1133)
	at org.testng.TestNG.run(TestNG.java:1104)
	at org.apache.maven.surefire.testng.TestNGExecutor.run(TestNGExecutor.java:281)
	at org.apache.maven.surefire.testng.TestNGXmlTestSuite.execute(TestNGXmlTestSuite.java:75)
	at org.apache.maven.surefire.testng.TestNGProvider.invoke(TestNGProvider.java:121)
	at org.apache.maven.surefire.booter.ForkedBooter.invokeProviderInSameClassLoader(ForkedBooter.java:290)
	at org.apache.maven.surefire.booter.ForkedBooter.runSuitesInProcess(ForkedBooter.java:242)
	at org.apache.maven.surefire.booter.ForkedBooter.main(ForkedBooter.java:121)
]]>
            </full-stacktrace>
          </exception> <!-- java.lang.Exception -->
          <reporter-output>
          </reporter-output>
        </test-method> <!-- checkPurchasePriceSliderChangePositionWithSliderPlusButton -->
        <test-method status="SKIP" signature="checkDownPaymentSliderChangePosition()[pri:90, instance:ca.in.test.FullTest@1da4b6b3]" name="checkDownPaymentSliderChangePosition" duration-ms="0" started-at="2017-02-23T13:45:44Z" depends-on-methods="ca.in.test.FullTest.checkPurchasePriceSliderChangePositionWithSliderPlusButton" finished-at="2017-02-23T13:45:44Z">
          <exception class="java.lang.Throwable">
            <message>
              <![CDATA[Method FullTest.checkDownPaymentSliderChangePosition()[pri:90, instance:ca.in.test.FullTest@1da4b6b3] depends on not successfully finished methods]]>
            </message>
            <full-stacktrace>
              <![CDATA[java.lang.Throwable: Method FullTest.checkDownPaymentSliderChangePosition()[pri:90, instance:ca.in.test.FullTest@1da4b6b3] depends on not successfully finished methods
	at org.testng.internal.Invoker.invokeTestMethods(Invoker.java:1068)
	at org.testng.internal.TestMethodWorker.invokeTestMethods(TestMethodWorker.java:129)
	at org.testng.internal.TestMethodWorker.run(TestMethodWorker.java:112)
	at org.testng.TestRunner.privateRun(TestRunner.java:756)
	at org.testng.TestRunner.run(TestRunner.java:610)
	at org.testng.SuiteRunner.runTest(SuiteRunner.java:387)
	at org.testng.SuiteRunner.runSequentially(SuiteRunner.java:382)
	at org.testng.SuiteRunner.privateRun(SuiteRunner.java:340)
	at org.testng.SuiteRunner.run(SuiteRunner.java:289)
	at org.testng.SuiteRunnerWorker.runSuite(SuiteRunnerWorker.java:52)
	at org.testng.SuiteRunnerWorker.run(SuiteRunnerWorker.java:86)
	at org.testng.TestNG.runSuitesSequentially(TestNG.java:1293)
	at org.testng.TestNG.runSuitesLocally(TestNG.java:1218)
	at org.testng.TestNG.runSuites(TestNG.java:1133)
	at org.testng.TestNG.run(TestNG.java:1104)
	at org.apache.maven.surefire.testng.TestNGExecutor.run(TestNGExecutor.java:281)
	at org.apache.maven.surefire.testng.TestNGXmlTestSuite.execute(TestNGXmlTestSuite.java:75)
	at org.apache.maven.surefire.testng.TestNGProvider.invoke(TestNGProvider.java:121)
	at org.apache.maven.surefire.booter.ForkedBooter.invokeProviderInSameClassLoader(ForkedBooter.java:290)
	at org.apache.maven.surefire.booter.ForkedBooter.runSuitesInProcess(ForkedBooter.java:242)
	at org.apache.maven.surefire.booter.ForkedBooter.main(ForkedBooter.java:121)
]]>
            </full-stacktrace>
          </exception> <!-- java.lang.Throwable -->
          <reporter-output>
          </reporter-output>
        </test-method> <!-- checkDownPaymentSliderChangePosition -->
        <test-method status="SKIP" signature="checkAmortissementDropdown()[pri:100, instance:ca.in.test.FullTest@1da4b6b3]" name="checkAmortissementDropdown" duration-ms="0" started-at="2017-02-23T13:45:44Z" depends-on-methods="ca.in.test.FullTest.checkDownPaymentSliderChangePosition" finished-at="2017-02-23T13:45:44Z">
          <exception class="java.lang.Throwable">
            <message>
              <![CDATA[Method FullTest.checkAmortissementDropdown()[pri:100, instance:ca.in.test.FullTest@1da4b6b3] depends on not successfully finished methods]]>
            </message>
            <full-stacktrace>
              <![CDATA[java.lang.Throwable: Method FullTest.checkAmortissementDropdown()[pri:100, instance:ca.in.test.FullTest@1da4b6b3] depends on not successfully finished methods
	at org.testng.internal.Invoker.invokeTestMethods(Invoker.java:1068)
	at org.testng.internal.TestMethodWorker.invokeTestMethods(TestMethodWorker.java:129)
	at org.testng.internal.TestMethodWorker.run(TestMethodWorker.java:112)
	at org.testng.TestRunner.privateRun(TestRunner.java:756)
	at org.testng.TestRunner.run(TestRunner.java:610)
	at org.testng.SuiteRunner.runTest(SuiteRunner.java:387)
	at org.testng.SuiteRunner.runSequentially(SuiteRunner.java:382)
	at org.testng.SuiteRunner.privateRun(SuiteRunner.java:340)
	at org.testng.SuiteRunner.run(SuiteRunner.java:289)
	at org.testng.SuiteRunnerWorker.runSuite(SuiteRunnerWorker.java:52)
	at org.testng.SuiteRunnerWorker.run(SuiteRunnerWorker.java:86)
	at org.testng.TestNG.runSuitesSequentially(TestNG.java:1293)
	at org.testng.TestNG.runSuitesLocally(TestNG.java:1218)
	at org.testng.TestNG.runSuites(TestNG.java:1133)
	at org.testng.TestNG.run(TestNG.java:1104)
	at org.apache.maven.surefire.testng.TestNGExecutor.run(TestNGExecutor.java:281)
	at org.apache.maven.surefire.testng.TestNGXmlTestSuite.execute(TestNGXmlTestSuite.java:75)
	at org.apache.maven.surefire.testng.TestNGProvider.invoke(TestNGProvider.java:121)
	at org.apache.maven.surefire.booter.ForkedBooter.invokeProviderInSameClassLoader(ForkedBooter.java:290)
	at org.apache.maven.surefire.booter.ForkedBooter.runSuitesInProcess(ForkedBooter.java:242)
	at org.apache.maven.surefire.booter.ForkedBooter.main(ForkedBooter.java:121)
]]>
            </full-stacktrace>
          </exception> <!-- java.lang.Throwable -->
          <reporter-output>
          </reporter-output>
        </test-method> <!-- checkAmortissementDropdown -->
        <test-method status="SKIP" signature="checkFrequenceVersementDropdown()[pri:110, instance:ca.in.test.FullTest@1da4b6b3]" name="checkFrequenceVersementDropdown" duration-ms="0" started-at="2017-02-23T13:45:44Z" depends-on-methods="ca.in.test.FullTest.checkAmortissementDropdown" finished-at="2017-02-23T13:45:44Z">
          <exception class="java.lang.Throwable">
            <message>
              <![CDATA[Method FullTest.checkFrequenceVersementDropdown()[pri:110, instance:ca.in.test.FullTest@1da4b6b3] depends on not successfully finished methods]]>
            </message>
            <full-stacktrace>
              <![CDATA[java.lang.Throwable: Method FullTest.checkFrequenceVersementDropdown()[pri:110, instance:ca.in.test.FullTest@1da4b6b3] depends on not successfully finished methods
	at org.testng.internal.Invoker.invokeTestMethods(Invoker.java:1068)
	at org.testng.internal.TestMethodWorker.invokeTestMethods(TestMethodWorker.java:129)
	at org.testng.internal.TestMethodWorker.run(TestMethodWorker.java:112)
	at org.testng.TestRunner.privateRun(TestRunner.java:756)
	at org.testng.TestRunner.run(TestRunner.java:610)
	at org.testng.SuiteRunner.runTest(SuiteRunner.java:387)
	at org.testng.SuiteRunner.runSequentially(SuiteRunner.java:382)
	at org.testng.SuiteRunner.privateRun(SuiteRunner.java:340)
	at org.testng.SuiteRunner.run(SuiteRunner.java:289)
	at org.testng.SuiteRunnerWorker.runSuite(SuiteRunnerWorker.java:52)
	at org.testng.SuiteRunnerWorker.run(SuiteRunnerWorker.java:86)
	at org.testng.TestNG.runSuitesSequentially(TestNG.java:1293)
	at org.testng.TestNG.runSuitesLocally(TestNG.java:1218)
	at org.testng.TestNG.runSuites(TestNG.java:1133)
	at org.testng.TestNG.run(TestNG.java:1104)
	at org.apache.maven.surefire.testng.TestNGExecutor.run(TestNGExecutor.java:281)
	at org.apache.maven.surefire.testng.TestNGXmlTestSuite.execute(TestNGXmlTestSuite.java:75)
	at org.apache.maven.surefire.testng.TestNGProvider.invoke(TestNGProvider.java:121)
	at org.apache.maven.surefire.booter.ForkedBooter.invokeProviderInSameClassLoader(ForkedBooter.java:290)
	at org.apache.maven.surefire.booter.ForkedBooter.runSuitesInProcess(ForkedBooter.java:242)
	at org.apache.maven.surefire.booter.ForkedBooter.main(ForkedBooter.java:121)
]]>
            </full-stacktrace>
          </exception> <!-- java.lang.Throwable -->
          <reporter-output>
          </reporter-output>
        </test-method> <!-- checkFrequenceVersementDropdown -->
        <test-method status="SKIP" signature="checkTauxInteretField()[pri:120, instance:ca.in.test.FullTest@1da4b6b3]" name="checkTauxInteretField" duration-ms="0" started-at="2017-02-23T13:45:44Z" depends-on-methods="ca.in.test.FullTest.checkFrequenceVersementDropdown" finished-at="2017-02-23T13:45:44Z">
          <exception class="java.lang.Throwable">
            <message>
              <![CDATA[Method FullTest.checkTauxInteretField()[pri:120, instance:ca.in.test.FullTest@1da4b6b3] depends on not successfully finished methods]]>
            </message>
            <full-stacktrace>
              <![CDATA[java.lang.Throwable: Method FullTest.checkTauxInteretField()[pri:120, instance:ca.in.test.FullTest@1da4b6b3] depends on not successfully finished methods
	at org.testng.internal.Invoker.invokeTestMethods(Invoker.java:1068)
	at org.testng.internal.TestMethodWorker.invokeTestMethods(TestMethodWorker.java:129)
	at org.testng.internal.TestMethodWorker.run(TestMethodWorker.java:112)
	at org.testng.TestRunner.privateRun(TestRunner.java:756)
	at org.testng.TestRunner.run(TestRunner.java:610)
	at org.testng.SuiteRunner.runTest(SuiteRunner.java:387)
	at org.testng.SuiteRunner.runSequentially(SuiteRunner.java:382)
	at org.testng.SuiteRunner.privateRun(SuiteRunner.java:340)
	at org.testng.SuiteRunner.run(SuiteRunner.java:289)
	at org.testng.SuiteRunnerWorker.runSuite(SuiteRunnerWorker.java:52)
	at org.testng.SuiteRunnerWorker.run(SuiteRunnerWorker.java:86)
	at org.testng.TestNG.runSuitesSequentially(TestNG.java:1293)
	at org.testng.TestNG.runSuitesLocally(TestNG.java:1218)
	at org.testng.TestNG.runSuites(TestNG.java:1133)
	at org.testng.TestNG.run(TestNG.java:1104)
	at org.apache.maven.surefire.testng.TestNGExecutor.run(TestNGExecutor.java:281)
	at org.apache.maven.surefire.testng.TestNGXmlTestSuite.execute(TestNGXmlTestSuite.java:75)
	at org.apache.maven.surefire.testng.TestNGProvider.invoke(TestNGProvider.java:121)
	at org.apache.maven.surefire.booter.ForkedBooter.invokeProviderInSameClassLoader(ForkedBooter.java:290)
	at org.apache.maven.surefire.booter.ForkedBooter.runSuitesInProcess(ForkedBooter.java:242)
	at org.apache.maven.surefire.booter.ForkedBooter.main(ForkedBooter.java:121)
]]>
            </full-stacktrace>
          </exception> <!-- java.lang.Throwable -->
          <reporter-output>
          </reporter-output>
        </test-method> <!-- checkTauxInteretField -->
        <test-method status="SKIP" signature="checkbtnCalculerButton()[pri:130, instance:ca.in.test.FullTest@1da4b6b3]" name="checkbtnCalculerButton" duration-ms="0" started-at="2017-02-23T13:45:44Z" depends-on-methods="ca.in.test.FullTest.checkTauxInteretField" finished-at="2017-02-23T13:45:44Z">
          <exception class="java.lang.Throwable">
            <message>
              <![CDATA[Method FullTest.checkbtnCalculerButton()[pri:130, instance:ca.in.test.FullTest@1da4b6b3] depends on not successfully finished methods]]>
            </message>
            <full-stacktrace>
              <![CDATA[java.lang.Throwable: Method FullTest.checkbtnCalculerButton()[pri:130, instance:ca.in.test.FullTest@1da4b6b3] depends on not successfully finished methods
	at org.testng.internal.Invoker.invokeTestMethods(Invoker.java:1068)
	at org.testng.internal.TestMethodWorker.invokeTestMethods(TestMethodWorker.java:129)
	at org.testng.internal.TestMethodWorker.run(TestMethodWorker.java:112)
	at org.testng.TestRunner.privateRun(TestRunner.java:756)
	at org.testng.TestRunner.run(TestRunner.java:610)
	at org.testng.SuiteRunner.runTest(SuiteRunner.java:387)
	at org.testng.SuiteRunner.runSequentially(SuiteRunner.java:382)
	at org.testng.SuiteRunner.privateRun(SuiteRunner.java:340)
	at org.testng.SuiteRunner.run(SuiteRunner.java:289)
	at org.testng.SuiteRunnerWorker.runSuite(SuiteRunnerWorker.java:52)
	at org.testng.SuiteRunnerWorker.run(SuiteRunnerWorker.java:86)
	at org.testng.TestNG.runSuitesSequentially(TestNG.java:1293)
	at org.testng.TestNG.runSuitesLocally(TestNG.java:1218)
	at org.testng.TestNG.runSuites(TestNG.java:1133)
	at org.testng.TestNG.run(TestNG.java:1104)
	at org.apache.maven.surefire.testng.TestNGExecutor.run(TestNGExecutor.java:281)
	at org.apache.maven.surefire.testng.TestNGXmlTestSuite.execute(TestNGXmlTestSuite.java:75)
	at org.apache.maven.surefire.testng.TestNGProvider.invoke(TestNGProvider.java:121)
	at org.apache.maven.surefire.booter.ForkedBooter.invokeProviderInSameClassLoader(ForkedBooter.java:290)
	at org.apache.maven.surefire.booter.ForkedBooter.runSuitesInProcess(ForkedBooter.java:242)
	at org.apache.maven.surefire.booter.ForkedBooter.main(ForkedBooter.java:121)
]]>
            </full-stacktrace>
          </exception> <!-- java.lang.Throwable -->
          <reporter-output>
          </reporter-output>
        </test-method> <!-- checkbtnCalculerButton -->
        <test-method status="SKIP" signature="checkPaymentResultats()[pri:140, instance:ca.in.test.FullTest@1da4b6b3]" name="checkPaymentResultats" duration-ms="0" started-at="2017-02-23T13:45:44Z" depends-on-methods="ca.in.test.FullTest.checkbtnCalculerButton" finished-at="2017-02-23T13:45:44Z">
          <exception class="java.lang.Throwable">
            <message>
              <![CDATA[Method FullTest.checkPaymentResultats()[pri:140, instance:ca.in.test.FullTest@1da4b6b3] depends on not successfully finished methods]]>
            </message>
            <full-stacktrace>
              <![CDATA[java.lang.Throwable: Method FullTest.checkPaymentResultats()[pri:140, instance:ca.in.test.FullTest@1da4b6b3] depends on not successfully finished methods
	at org.testng.internal.Invoker.invokeTestMethods(Invoker.java:1068)
	at org.testng.internal.TestMethodWorker.invokeTestMethods(TestMethodWorker.java:129)
	at org.testng.internal.TestMethodWorker.run(TestMethodWorker.java:112)
	at org.testng.TestRunner.privateRun(TestRunner.java:756)
	at org.testng.TestRunner.run(TestRunner.java:610)
	at org.testng.SuiteRunner.runTest(SuiteRunner.java:387)
	at org.testng.SuiteRunner.runSequentially(SuiteRunner.java:382)
	at org.testng.SuiteRunner.privateRun(SuiteRunner.java:340)
	at org.testng.SuiteRunner.run(SuiteRunner.java:289)
	at org.testng.SuiteRunnerWorker.runSuite(SuiteRunnerWorker.java:52)
	at org.testng.SuiteRunnerWorker.run(SuiteRunnerWorker.java:86)
	at org.testng.TestNG.runSuitesSequentially(TestNG.java:1293)
	at org.testng.TestNG.runSuitesLocally(TestNG.java:1218)
	at org.testng.TestNG.runSuites(TestNG.java:1133)
	at org.testng.TestNG.run(TestNG.java:1104)
	at org.apache.maven.surefire.testng.TestNGExecutor.run(TestNGExecutor.java:281)
	at org.apache.maven.surefire.testng.TestNGXmlTestSuite.execute(TestNGXmlTestSuite.java:75)
	at org.apache.maven.surefire.testng.TestNGProvider.invoke(TestNGProvider.java:121)
	at org.apache.maven.surefire.booter.ForkedBooter.invokeProviderInSameClassLoader(ForkedBooter.java:290)
	at org.apache.maven.surefire.booter.ForkedBooter.runSuitesInProcess(ForkedBooter.java:242)
	at org.apache.maven.surefire.booter.ForkedBooter.main(ForkedBooter.java:121)
]]>
            </full-stacktrace>
          </exception> <!-- java.lang.Throwable -->
          <reporter-output>
          </reporter-output>
        </test-method> <!-- checkPaymentResultats -->
        <test-method status="PASS" signature="teardown()[pri:0, instance:ca.in.test.FullTest@1da4b6b3]" name="teardown" is-config="true" duration-ms="1644" started-at="2017-02-23T13:45:44Z" finished-at="2017-02-23T13:45:45Z">
          <reporter-output>
          </reporter-output>
        </test-method> <!-- teardown -->
      </class> <!-- ca.in.test.FullTest -->
    </test> <!-- ca.in.test -->
  </suite> <!-- package ca.in.test -->
</testng-results>
